<?xml version="1.0" encoding="UTF-8"?>
<dataset>
    <customer_order order_id="1" order_date="2018-01-01" account_id="1" shipping_address_id="1" />
    <customer_order order_id="2" order_date="2018-01-02" account_id="2" shipping_address_id="2" />
    <customer_order order_id="3" order_date="2018-01-03" account_id="3" shipping_address_id="3" />
    <customer_order order_id="4" order_date="2018-01-04" account_id="4" shipping_address_id="4" />

    <order_line_item order_line_item_id="1" quantity="1" price="1.11" product_id="1" shipment_id="1" />
    <order_line_item order_line_item_id="2" quantity="2" price="2.22" product_id="2" shipment_id="2" />

</dataset>